<?xml version="1.0" encoding="UTF-8"?>
<coverage generated="1634956965671" clover="3.2.0">
  <project timestamp="1634956965671" name="All files">
    <metrics statements="35" coveredstatements="32" conditionals="8" coveredconditionals="7" methods="10" coveredmethods="7" elements="53" coveredelements="46" complexity="0" loc="35" ncloc="35" packages="1" files="1" classes="1"/>
    <file name="launchFauna.ts" path="/Users/lmonninger/Desktop/dev/cogint/packages/Test/fauna-dev-tests/src/FaunaDevTests/FaunaShellWrapper/launchFauna.ts">
      <metrics statements="35" coveredstatements="32" conditionals="8" coveredconditionals="7" methods="10" coveredmethods="7"/>
      <line num="7" count="1" type="stmt"/>
      <line num="8" count="1" type="stmt"/>
      <line num="9" count="1" type="stmt"/>
      <line num="10" count="1" type="stmt"/>
      <line num="12" count="1" type="stmt"/>
      <line num="13" count="1" type="stmt"/>
      <line num="15" count="0" type="stmt"/>
      <line num="18" count="1" type="stmt"/>
      <line num="20" count="24" type="stmt"/>
      <line num="24" count="1" type="stmt"/>
      <line num="26" count="24" type="cond" truecount="2" falsecount="0"/>
      <line num="30" count="1" type="stmt"/>
      <line num="32" count="1" type="stmt"/>
      <line num="33" count="1" type="stmt"/>
      <line num="34" count="5" type="stmt"/>
      <line num="36" count="1" type="stmt"/>
      <line num="55" count="1" type="stmt"/>
      <line num="59" count="1" type="stmt"/>
      <line num="61" count="1" type="cond" truecount="1" falsecount="1"/>
      <line num="62" count="1" type="stmt"/>
      <line num="65" count="1" type="stmt"/>
      <line num="66" count="1" type="stmt"/>
      <line num="72" count="1" type="stmt"/>
      <line num="79" count="1" type="stmt"/>
      <line num="81" count="1" type="stmt"/>
      <line num="83" count="1" type="stmt"/>
      <line num="85" count="24" type="cond" truecount="2" falsecount="0"/>
      <line num="87" count="24" type="cond" truecount="2" falsecount="0"/>
      <line num="88" count="1" type="stmt"/>
      <line num="99" count="1" type="stmt"/>
      <line num="101" count="0" type="stmt"/>
      <line num="105" count="1" type="stmt"/>
      <line num="107" count="0" type="stmt"/>
      <line num="114" count="1" type="stmt"/>
      <line num="116" count="1" type="stmt"/>
    </file>
  </project>
</coverage>
