<?xml version="1.0" encoding="UTF-8"?>
<coverage generated="1635557295810" clover="3.2.0">
  <project timestamp="1635557295810" name="All files">
    <metrics statements="221" coveredstatements="155" conditionals="119" coveredconditionals="57" methods="75" coveredmethods="42" elements="415" coveredelements="254" complexity="0" loc="221" ncloc="221" packages="1" files="3" classes="3"/>
    <file name="faunaDatabases.ts" path="/Users/lmonninger/Desktop/dev/cogint/packages/Test/fauna-dev-tests/src/FaunaDevTests/FaunaShellWrapper/faunaDatabases.ts">
      <metrics statements="56" coveredstatements="43" conditionals="28" coveredconditionals="17" methods="17" coveredmethods="10"/>
      <line num="7" count="1" type="stmt"/>
      <line num="8" count="1" type="stmt"/>
      <line num="23" count="1" type="stmt"/>
      <line num="40" count="1" type="stmt"/>
      <line num="41" count="4" type="cond" truecount="4" falsecount="0"/>
      <line num="44" count="1" type="stmt"/>
      <line num="46" count="2" type="stmt"/>
      <line num="48" count="2" type="stmt"/>
      <line num="66" count="1" type="stmt"/>
      <line num="70" count="1" type="stmt"/>
      <line num="72" count="2" type="stmt"/>
      <line num="84" count="1" type="stmt"/>
      <line num="86" count="2" type="stmt"/>
      <line num="91" count="2" type="stmt"/>
      <line num="92" count="2" type="stmt"/>
      <line num="94" count="2" type="stmt"/>
      <line num="98" count="2" type="stmt"/>
      <line num="105" count="2" type="cond" truecount="2" falsecount="2"/>
      <line num="107" count="2" type="stmt"/>
      <line num="113" count="2" type="stmt"/>
      <line num="123" count="1" type="stmt"/>
      <line num="125" count="2" type="stmt"/>
      <line num="126" count="2" type="stmt"/>
      <line num="130" count="2" type="stmt"/>
      <line num="134" count="1" type="stmt"/>
      <line num="136" count="0" type="stmt"/>
      <line num="157" count="1" type="stmt"/>
      <line num="159" count="0" type="stmt"/>
      <line num="160" count="0" type="stmt"/>
      <line num="164" count="1" type="stmt"/>
      <line num="166" count="2" type="stmt"/>
      <line num="168" count="2" type="stmt"/>
      <line num="175" count="1" type="stmt"/>
      <line num="176" count="0" type="stmt"/>
      <line num="177" count="0" type="stmt"/>
      <line num="178" count="0" type="stmt"/>
      <line num="182" count="1" type="stmt"/>
      <line num="183" count="0" type="stmt"/>
      <line num="184" count="0" type="stmt"/>
      <line num="189" count="0" type="stmt"/>
      <line num="190" count="0" type="stmt"/>
      <line num="194" count="1" type="stmt"/>
      <line num="196" count="1" type="stmt"/>
      <line num="197" count="2" type="stmt"/>
      <line num="201" count="1" type="cond" truecount="0" falsecount="1"/>
      <line num="203" count="1" type="cond" truecount="1" falsecount="3"/>
      <line num="206" count="1" type="stmt"/>
      <line num="210" count="0" type="stmt"/>
      <line num="214" count="0" type="stmt"/>
      <line num="218" count="0" type="stmt"/>
      <line num="231" count="1" type="stmt"/>
      <line num="235" count="1" type="cond" truecount="1" falsecount="0"/>
      <line num="237" count="1" type="cond" truecount="1" falsecount="1"/>
      <line num="239" count="1" type="cond" truecount="1" falsecount="1"/>
      <line num="241" count="1" type="cond" truecount="1" falsecount="1"/>
      <line num="243" count="1" type="stmt"/>
    </file>
    <file name="faunaEndpoints.ts" path="/Users/lmonninger/Desktop/dev/cogint/packages/Test/fauna-dev-tests/src/FaunaDevTests/FaunaShellWrapper/faunaEndpoints.ts">
      <metrics statements="81" coveredstatements="36" conditionals="58" coveredconditionals="10" methods="34" coveredmethods="13"/>
      <line num="10" count="2" type="stmt"/>
      <line num="11" count="2" type="stmt"/>
      <line num="12" count="2" type="stmt"/>
      <line num="14" count="2" type="stmt"/>
      <line num="16" count="2" type="stmt"/>
      <line num="18" count="2" type="stmt"/>
      <line num="20" count="2" type="stmt"/>
      <line num="61" count="3" type="stmt"/>
      <line num="62" count="3" type="stmt"/>
      <line num="63" count="3" type="cond" truecount="1" falsecount="1"/>
      <line num="73" count="3" type="stmt"/>
      <line num="81" count="0" type="cond" truecount="0" falsecount="2"/>
      <line num="90" count="3" type="stmt"/>
      <line num="92" count="3" type="stmt"/>
      <line num="95" count="0" type="cond" truecount="0" falsecount="2"/>
      <line num="96" count="0" type="stmt"/>
      <line num="98" count="0" type="stmt"/>
      <line num="111" count="0" type="stmt"/>
      <line num="128" count="0" type="cond" truecount="0" falsecount="2"/>
      <line num="129" count="0" type="stmt"/>
      <line num="131" count="0" type="stmt"/>
      <line num="132" count="0" type="stmt"/>
      <line num="142" count="0" type="cond" truecount="0" falsecount="2"/>
      <line num="143" count="0" type="stmt"/>
      <line num="144" count="0" type="stmt"/>
      <line num="147" count="0" type="stmt"/>
      <line num="149" count="0" type="stmt"/>
      <line num="150" count="0" type="stmt"/>
      <line num="154" count="0" type="stmt"/>
      <line num="158" count="0" type="stmt"/>
      <line num="186" count="0" type="cond" truecount="0" falsecount="2"/>
      <line num="187" count="0" type="stmt"/>
      <line num="188" count="0" type="stmt"/>
      <line num="194" count="0" type="stmt"/>
      <line num="196" count="0" type="cond" truecount="0" falsecount="2"/>
      <line num="197" count="0" type="stmt"/>
      <line num="199" count="0" type="stmt"/>
      <line num="204" count="0" type="cond" truecount="0" falsecount="2"/>
      <line num="205" count="0" type="cond" truecount="0" falsecount="2"/>
      <line num="206" count="0" type="stmt"/>
      <line num="208" count="0" type="stmt"/>
      <line num="211" count="0" type="stmt"/>
      <line num="222" count="0" type="stmt"/>
      <line num="229" count="0" type="stmt"/>
      <line num="230" count="0" type="stmt"/>
      <line num="231" count="0" type="cond" truecount="0" falsecount="2"/>
      <line num="251" count="0" type="stmt"/>
      <line num="252" count="0" type="cond" truecount="0" falsecount="2"/>
      <line num="253" count="0" type="cond" truecount="0" falsecount="2"/>
      <line num="255" count="0" type="stmt"/>
      <line num="265" count="2" type="stmt"/>
      <line num="269" count="3" type="stmt"/>
      <line num="271" count="3" type="stmt"/>
      <line num="273" count="6" type="stmt"/>
      <line num="274" count="6" type="stmt"/>
      <line num="294" count="2" type="stmt"/>
      <line num="299" count="2" type="stmt"/>
      <line num="300" count="2" type="stmt"/>
      <line num="302" count="2" type="stmt"/>
      <line num="304" count="2" type="cond" truecount="2" falsecount="7"/>
      <line num="323" count="2" type="stmt"/>
      <line num="326" count="0" type="stmt"/>
      <line num="341" count="2" type="stmt"/>
      <line num="350" count="2" type="stmt"/>
      <line num="351" count="2" type="stmt"/>
      <line num="368" count="2" type="stmt"/>
      <line num="370" count="2" type="cond" truecount="1" falsecount="1"/>
      <line num="384" count="2" type="stmt"/>
      <line num="386" count="2" type="stmt"/>
      <line num="387" count="2" type="stmt"/>
      <line num="388" count="2" type="stmt"/>
      <line num="394" count="2" type="stmt"/>
      <line num="396" count="0" type="stmt"/>
      <line num="400" count="2" type="stmt"/>
      <line num="402" count="0" type="stmt"/>
      <line num="403" count="0" type="stmt"/>
      <line num="404" count="0" type="stmt"/>
      <line num="405" count="0" type="stmt"/>
      <line num="413" count="2" type="stmt"/>
      <line num="415" count="0" type="stmt"/>
      <line num="416" count="0" type="cond" truecount="0" falsecount="2"/>
    </file>
    <file name="launchFauna.ts" path="/Users/lmonninger/Desktop/dev/cogint/packages/Test/fauna-dev-tests/src/FaunaDevTests/FaunaShellWrapper/launchFauna.ts">
      <metrics statements="84" coveredstatements="76" conditionals="33" coveredconditionals="30" methods="24" coveredmethods="19"/>
      <line num="7" count="2" type="stmt"/>
      <line num="8" count="2" type="stmt"/>
      <line num="9" count="2" type="stmt"/>
      <line num="10" count="2" type="stmt"/>
      <line num="11" count="2" type="stmt"/>
      <line num="17" count="2" type="stmt"/>
      <line num="21" count="2" type="stmt"/>
      <line num="23" count="0" type="stmt"/>
      <line num="33" count="2" type="stmt"/>
      <line num="35" count="112" type="stmt"/>
      <line num="44" count="2" type="stmt"/>
      <line num="46" count="112" type="cond" truecount="2" falsecount="0"/>
      <line num="50" count="2" type="stmt"/>
      <line num="51" count="112" type="cond" truecount="2" falsecount="0"/>
      <line num="59" count="2" type="stmt"/>
      <line num="61" count="2" type="stmt"/>
      <line num="62" count="2" type="stmt"/>
      <line num="63" count="10" type="stmt"/>
      <line num="65" count="2" type="stmt"/>
      <line num="86" count="2" type="stmt"/>
      <line num="96" count="2" type="stmt"/>
      <line num="100" count="2" type="stmt"/>
      <line num="107" count="2" type="stmt"/>
      <line num="109" count="2" type="stmt"/>
      <line num="111" count="2" type="stmt"/>
      <line num="113" count="2" type="stmt"/>
      <line num="115" count="112" type="cond" truecount="2" falsecount="0"/>
      <line num="117" count="112" type="cond" truecount="4" falsecount="0"/>
      <line num="118" count="2" type="stmt"/>
      <line num="124" count="112" type="cond" truecount="2" falsecount="0"/>
      <line num="125" count="2" type="stmt"/>
      <line num="130" count="2" type="stmt"/>
      <line num="132" count="0" type="stmt"/>
      <line num="136" count="2" type="stmt"/>
      <line num="138" count="1" type="stmt"/>
      <line num="152" count="2" type="stmt"/>
      <line num="154" count="2" type="stmt"/>
      <line num="155" count="2" type="stmt"/>
      <line num="156" count="2" type="stmt"/>
      <line num="157" count="2" type="cond" truecount="2" falsecount="0"/>
      <line num="160" count="2" type="cond" truecount="2" falsecount="0"/>
      <line num="162" count="2" type="cond" truecount="2" falsecount="0"/>
      <line num="163" count="1" type="stmt"/>
      <line num="166" count="1" type="stmt"/>
      <line num="168" count="1" type="stmt"/>
      <line num="175" count="1" type="stmt"/>
      <line num="177" count="1" type="stmt"/>
      <line num="193" count="2" type="stmt"/>
      <line num="198" count="3" type="cond" truecount="4" falsecount="0"/>
      <line num="210" count="2" type="stmt"/>
      <line num="212" count="3" type="stmt"/>
      <line num="226" count="2" type="stmt"/>
      <line num="231" count="3" type="stmt"/>
      <line num="232" count="3" type="cond" truecount="2" falsecount="0"/>
      <line num="234" count="2" type="stmt"/>
      <line num="236" count="2" type="cond" truecount="1" falsecount="1"/>
      <line num="237" count="2" type="stmt"/>
      <line num="240" count="2" type="stmt"/>
      <line num="241" count="2" type="stmt"/>
      <line num="247" count="2" type="stmt"/>
      <line num="254" count="2" type="stmt"/>
      <line num="256" count="2" type="stmt"/>
      <line num="265" count="2" type="stmt"/>
      <line num="272" count="3" type="stmt"/>
      <line num="273" count="3" type="stmt"/>
      <line num="274" count="3" type="stmt"/>
      <line num="282" count="2" type="stmt"/>
      <line num="284" count="1" type="stmt"/>
      <line num="287" count="1" type="stmt"/>
      <line num="296" count="2" type="stmt"/>
      <line num="298" count="0" type="stmt"/>
      <line num="299" count="0" type="stmt"/>
      <line num="300" count="0" type="stmt"/>
      <line num="301" count="0" type="stmt"/>
      <line num="303" count="0" type="stmt"/>
      <line num="304" count="0" type="stmt"/>
      <line num="314" count="2" type="stmt"/>
      <line num="316" count="1" type="stmt"/>
      <line num="317" count="1" type="stmt"/>
      <line num="323" count="1" type="stmt"/>
      <line num="324" count="1" type="stmt"/>
      <line num="333" count="2" type="cond" truecount="1" falsecount="0"/>
      <line num="335" count="1" type="stmt"/>
      <line num="336" count="1" type="cond" truecount="1" falsecount="1"/>
    </file>
  </project>
</coverage>
