{"/Users/lmonninger/Desktop/dev/cogint/packages/Test/fauna-dev-tests/src/FaunaDevTests/FaunaShellWrapper/faunaDatabases.ts": {"path":"/Users/lmonninger/Desktop/dev/cogint/packages/Test/fauna-dev-tests/src/FaunaDevTests/FaunaShellWrapper/faunaDatabases.ts","statementMap":{"0":{"start":{"line":7,"column":27},"end":{"line":7,"column":31}},"1":{"start":{"line":8,"column":26},"end":{"line":8,"column":38}},"2":{"start":{"line":23,"column":4},"end":{"line":23,"column":9}},"3":{"start":{"line":40,"column":28},"end":{"line":42,"column":1}},"4":{"start":{"line":41,"column":4},"end":{"line":41,"column":55}},"5":{"start":{"line":44,"column":38},"end":{"line":60,"column":1}},"6":{"start":{"line":46,"column":17},"end":{"line":46,"column":35}},"7":{"start":{"line":48,"column":4},"end":{"line":58,"column":5}},"8":{"start":{"line":66,"column":4},"end":{"line":68,"column":1}},"9":{"start":{"line":70,"column":31},"end":{"line":82,"column":1}},"10":{"start":{"line":72,"column":4},"end":{"line":80,"column":7}},"11":{"start":{"line":84,"column":28},"end":{"line":120,"column":1}},"12":{"start":{"line":86,"column":37},"end":{"line":89,"column":5}},"13":{"start":{"line":91,"column":26},"end":{"line":91,"column":55}},"14":{"start":{"line":92,"column":22},"end":{"line":92,"column":57}},"15":{"start":{"line":94,"column":21},"end":{"line":94,"column":46}},"16":{"start":{"line":98,"column":19},"end":{"line":103,"column":6}},"17":{"start":{"line":105,"column":17},"end":{"line":105,"column":86}},"18":{"start":{"line":107,"column":4},"end":{"line":111,"column":5}},"19":{"start":{"line":113,"column":4},"end":{"line":118,"column":5}},"20":{"start":{"line":123,"column":27},"end":{"line":132,"column":1}},"21":{"start":{"line":125,"column":15},"end":{"line":125,"column":39}},"22":{"start":{"line":126,"column":4},"end":{"line":129,"column":5}},"23":{"start":{"line":130,"column":4},"end":{"line":130,"column":14}},"24":{"start":{"line":134,"column":47},"end":{"line":155,"column":1}},"25":{"start":{"line":136,"column":3},"end":{"line":153,"column":5}},"26":{"start":{"line":157,"column":49},"end":{"line":162,"column":1}},"27":{"start":{"line":159,"column":19},"end":{"line":159,"column":44}},"28":{"start":{"line":160,"column":4},"end":{"line":160,"column":57}},"29":{"start":{"line":164,"column":35},"end":{"line":173,"column":1}},"30":{"start":{"line":166,"column":19},"end":{"line":166,"column":47}},"31":{"start":{"line":168,"column":4},"end":{"line":172,"column":5}},"32":{"start":{"line":175,"column":34},"end":{"line":180,"column":1}},"33":{"start":{"line":176,"column":22},"end":{"line":176,"column":42}},"34":{"start":{"line":177,"column":4},"end":{"line":179,"column":7}},"35":{"start":{"line":178,"column":8},"end":{"line":178,"column":52}},"36":{"start":{"line":182,"column":49},"end":{"line":192,"column":1}},"37":{"start":{"line":183,"column":22},"end":{"line":188,"column":31}},"38":{"start":{"line":184,"column":8},"end":{"line":187,"column":9}},"39":{"start":{"line":189,"column":4},"end":{"line":191,"column":7}},"40":{"start":{"line":190,"column":8},"end":{"line":190,"column":52}},"41":{"start":{"line":194,"column":35},"end":{"line":199,"column":1}},"42":{"start":{"line":196,"column":4},"end":{"line":198,"column":8}},"43":{"start":{"line":197,"column":8},"end":{"line":197,"column":38}},"44":{"start":{"line":201,"column":36},"end":{"line":223,"column":1}},"45":{"start":{"line":203,"column":4},"end":{"line":221,"column":5}},"46":{"start":{"line":206,"column":12},"end":{"line":206,"column":47}},"47":{"start":{"line":210,"column":12},"end":{"line":210,"column":60}},"48":{"start":{"line":214,"column":12},"end":{"line":214,"column":45}},"49":{"start":{"line":218,"column":12},"end":{"line":218,"column":40}},"50":{"start":{"line":231,"column":56},"end":{"line":233,"column":1}},"51":{"start":{"line":235,"column":24},"end":{"line":245,"column":1}},"52":{"start":{"line":237,"column":19},"end":{"line":237,"column":65}},"53":{"start":{"line":239,"column":4},"end":{"line":239,"column":77}},"54":{"start":{"line":241,"column":4},"end":{"line":241,"column":80}},"55":{"start":{"line":243,"column":4},"end":{"line":243,"column":18}}},"fnMap":{"0":{"name":"(anonymous_0)","decl":{"start":{"line":40,"column":28},"end":{"line":40,"column":29}},"loc":{"start":{"line":40,"column":67},"end":{"line":42,"column":1}},"line":40},"1":{"name":"(anonymous_1)","decl":{"start":{"line":44,"column":38},"end":{"line":44,"column":39}},"loc":{"start":{"line":44,"column":90},"end":{"line":60,"column":1}},"line":44},"2":{"name":"(anonymous_2)","decl":{"start":{"line":70,"column":31},"end":{"line":70,"column":32}},"loc":{"start":{"line":70,"column":60},"end":{"line":82,"column":1}},"line":70},"3":{"name":"(anonymous_3)","decl":{"start":{"line":84,"column":28},"end":{"line":84,"column":29}},"loc":{"start":{"line":84,"column":88},"end":{"line":120,"column":1}},"line":84},"4":{"name":"(anonymous_4)","decl":{"start":{"line":123,"column":27},"end":{"line":123,"column":28}},"loc":{"start":{"line":123,"column":87},"end":{"line":132,"column":1}},"line":123},"5":{"name":"(anonymous_5)","decl":{"start":{"line":134,"column":47},"end":{"line":134,"column":48}},"loc":{"start":{"line":134,"column":72},"end":{"line":155,"column":1}},"line":134},"6":{"name":"(anonymous_6)","decl":{"start":{"line":157,"column":49},"end":{"line":157,"column":50}},"loc":{"start":{"line":157,"column":84},"end":{"line":162,"column":1}},"line":157},"7":{"name":"(anonymous_7)","decl":{"start":{"line":164,"column":35},"end":{"line":164,"column":36}},"loc":{"start":{"line":164,"column":62},"end":{"line":173,"column":1}},"line":164},"8":{"name":"(anonymous_8)","decl":{"start":{"line":175,"column":34},"end":{"line":175,"column":35}},"loc":{"start":{"line":175,"column":44},"end":{"line":180,"column":1}},"line":175},"9":{"name":"(anonymous_9)","decl":{"start":{"line":177,"column":58},"end":{"line":177,"column":59}},"loc":{"start":{"line":177,"column":76},"end":{"line":179,"column":5}},"line":177},"10":{"name":"(anonymous_10)","decl":{"start":{"line":182,"column":49},"end":{"line":182,"column":50}},"loc":{"start":{"line":182,"column":59},"end":{"line":192,"column":1}},"line":182},"11":{"name":"(anonymous_11)","decl":{"start":{"line":183,"column":82},"end":{"line":183,"column":83}},"loc":{"start":{"line":183,"column":93},"end":{"line":188,"column":5}},"line":183},"12":{"name":"(anonymous_12)","decl":{"start":{"line":189,"column":58},"end":{"line":189,"column":59}},"loc":{"start":{"line":189,"column":76},"end":{"line":191,"column":5}},"line":189},"13":{"name":"(anonymous_13)","decl":{"start":{"line":194,"column":35},"end":{"line":194,"column":36}},"loc":{"start":{"line":194,"column":45},"end":{"line":199,"column":1}},"line":194},"14":{"name":"(anonymous_14)","decl":{"start":{"line":196,"column":72},"end":{"line":196,"column":73}},"loc":{"start":{"line":196,"column":84},"end":{"line":198,"column":5}},"line":196},"15":{"name":"(anonymous_15)","decl":{"start":{"line":201,"column":36},"end":{"line":201,"column":37}},"loc":{"start":{"line":201,"column":90},"end":{"line":223,"column":1}},"line":201},"16":{"name":"(anonymous_16)","decl":{"start":{"line":235,"column":24},"end":{"line":235,"column":25}},"loc":{"start":{"line":235,"column":81},"end":{"line":245,"column":1}},"line":235}},"branchMap":{"0":{"loc":{"start":{"line":41,"column":11},"end":{"line":41,"column":54}},"type":"cond-expr","locations":[{"start":{"line":41,"column":31},"end":{"line":41,"column":40}},{"start":{"line":41,"column":43},"end":{"line":41,"column":54}}],"line":41},"1":{"loc":{"start":{"line":41,"column":11},"end":{"line":41,"column":28}},"type":"binary-expr","locations":[{"start":{"line":41,"column":11},"end":{"line":41,"column":15}},{"start":{"line":41,"column":19},"end":{"line":41,"column":28}}],"line":41},"2":{"loc":{"start":{"line":56,"column":23},"end":{"line":56,"column":85}},"type":"cond-expr","locations":[{"start":{"line":56,"column":51},"end":{"line":56,"column":78}},{"start":{"line":56,"column":81},"end":{"line":56,"column":85}}],"line":56},"3":{"loc":{"start":{"line":56,"column":23},"end":{"line":56,"column":48}},"type":"binary-expr","locations":[{"start":{"line":56,"column":23},"end":{"line":56,"column":27}},{"start":{"line":56,"column":31},"end":{"line":56,"column":48}}],"line":56},"4":{"loc":{"start":{"line":57,"column":21},"end":{"line":57,"column":87}},"type":"cond-expr","locations":[{"start":{"line":57,"column":49},"end":{"line":57,"column":80}},{"start":{"line":57,"column":83},"end":{"line":57,"column":87}}],"line":57},"5":{"loc":{"start":{"line":57,"column":21},"end":{"line":57,"column":46}},"type":"binary-expr","locations":[{"start":{"line":57,"column":21},"end":{"line":57,"column":25}},{"start":{"line":57,"column":29},"end":{"line":57,"column":46}}],"line":57},"6":{"loc":{"start":{"line":105,"column":17},"end":{"line":105,"column":86}},"type":"cond-expr","locations":[{"start":{"line":105,"column":37},"end":{"line":105,"column":54}},{"start":{"line":105,"column":57},"end":{"line":105,"column":86}}],"line":105},"7":{"loc":{"start":{"line":105,"column":17},"end":{"line":105,"column":34}},"type":"binary-expr","locations":[{"start":{"line":105,"column":17},"end":{"line":105,"column":21}},{"start":{"line":105,"column":25},"end":{"line":105,"column":34}}],"line":105},"8":{"loc":{"start":{"line":201,"column":43},"end":{"line":201,"column":87}},"type":"default-arg","locations":[{"start":{"line":201,"column":81},"end":{"line":201,"column":87}}],"line":201},"9":{"loc":{"start":{"line":203,"column":4},"end":{"line":221,"column":5}},"type":"switch","locations":[{"start":{"line":205,"column":8},"end":{"line":207,"column":9}},{"start":{"line":209,"column":8},"end":{"line":211,"column":9}},{"start":{"line":213,"column":8},"end":{"line":215,"column":9}},{"start":{"line":217,"column":8},"end":{"line":219,"column":9}}],"line":203},"10":{"loc":{"start":{"line":235,"column":31},"end":{"line":235,"column":78}},"type":"default-arg","locations":[{"start":{"line":235,"column":59},"end":{"line":235,"column":78}}],"line":235},"11":{"loc":{"start":{"line":237,"column":46},"end":{"line":237,"column":64}},"type":"binary-expr","locations":[{"start":{"line":237,"column":46},"end":{"line":237,"column":54}},{"start":{"line":237,"column":58},"end":{"line":237,"column":64}}],"line":237},"12":{"loc":{"start":{"line":239,"column":4},"end":{"line":239,"column":76}},"type":"binary-expr","locations":[{"start":{"line":239,"column":4},"end":{"line":239,"column":18}},{"start":{"line":239,"column":22},"end":{"line":239,"column":76}}],"line":239},"13":{"loc":{"start":{"line":241,"column":4},"end":{"line":241,"column":79}},"type":"binary-expr","locations":[{"start":{"line":241,"column":4},"end":{"line":241,"column":19}},{"start":{"line":241,"column":23},"end":{"line":241,"column":79}}],"line":241}},"s":{"0":1,"1":1,"2":1,"3":1,"4":4,"5":1,"6":2,"7":2,"8":1,"9":1,"10":2,"11":1,"12":2,"13":2,"14":2,"15":2,"16":2,"17":2,"18":2,"19":2,"20":1,"21":2,"22":2,"23":2,"24":1,"25":0,"26":1,"27":0,"28":0,"29":1,"30":2,"31":2,"32":1,"33":0,"34":0,"35":0,"36":1,"37":0,"38":0,"39":0,"40":0,"41":1,"42":1,"43":2,"44":1,"45":1,"46":1,"47":0,"48":0,"49":0,"50":1,"51":1,"52":1,"53":1,"54":1,"55":1},"f":{"0":4,"1":2,"2":2,"3":2,"4":2,"5":0,"6":0,"7":2,"8":0,"9":0,"10":0,"11":0,"12":0,"13":1,"14":2,"15":1,"16":1},"b":{"0":[2,2],"1":[4,2],"2":[0,2],"3":[2,2],"4":[0,2],"5":[2,2],"6":[0,2],"7":[2,0],"8":[0],"9":[1,0,0,0],"10":[1],"11":[1,0],"12":[1,0],"13":[1,0]},"_coverageSchema":"1a1c01bbd47fc00a2c39e90264f33305004495a9","hash":"4c80c0d1bdf88554d1e5260ab963c47d553be354"}
,"/Users/lmonninger/Desktop/dev/cogint/packages/Test/fauna-dev-tests/src/FaunaDevTests/FaunaShellWrapper/faunaEndpoints.ts": {"path":"/Users/lmonninger/Desktop/dev/cogint/packages/Test/fauna-dev-tests/src/FaunaDevTests/FaunaShellWrapper/faunaEndpoints.ts","statementMap":{"0":{"start":{"line":10,"column":18},"end":{"line":10,"column":29}},"1":{"start":{"line":11,"column":27},"end":{"line":11,"column":31}},"2":{"start":{"line":12,"column":38},"end":{"line":12,"column":53}},"3":{"start":{"line":14,"column":27},"end":{"line":14,"column":41}},"4":{"start":{"line":16,"column":2},"end":{"line":16,"column":94}},"5":{"start":{"line":18,"column":2},"end":{"line":18,"column":128}},"6":{"start":{"line":20,"column":2},"end":{"line":20,"column":55}},"7":{"start":{"line":61,"column":4},"end":{"line":65,"column":6}},"8":{"start":{"line":62,"column":8},"end":{"line":64,"column":10}},"9":{"start":{"line":63,"column":12},"end":{"line":63,"column":45}},"10":{"start":{"line":73,"column":4},"end":{"line":73,"column":50}},"11":{"start":{"line":81,"column":4},"end":{"line":81,"column":58}},"12":{"start":{"line":90,"column":4},"end":{"line":99,"column":35}},"13":{"start":{"line":92,"column":8},"end":{"line":92,"column":36}},"14":{"start":{"line":95,"column":8},"end":{"line":97,"column":9}},"15":{"start":{"line":96,"column":12},"end":{"line":96,"column":21}},"16":{"start":{"line":98,"column":12},"end":{"line":98,"column":21}},"17":{"start":{"line":111,"column":4},"end":{"line":111,"column":37}},"18":{"start":{"line":128,"column":4},"end":{"line":130,"column":5}},"19":{"start":{"line":129,"column":6},"end":{"line":129,"column":28}},"20":{"start":{"line":131,"column":4},"end":{"line":131,"column":57}},"21":{"start":{"line":132,"column":4},"end":{"line":132,"column":17}},"22":{"start":{"line":142,"column":4},"end":{"line":148,"column":5}},"23":{"start":{"line":143,"column":6},"end":{"line":143,"column":30}},"24":{"start":{"line":144,"column":6},"end":{"line":146,"column":7}},"25":{"start":{"line":147,"column":6},"end":{"line":147,"column":44}},"26":{"start":{"line":149,"column":4},"end":{"line":149,"column":27}},"27":{"start":{"line":150,"column":4},"end":{"line":150,"column":32}},"28":{"start":{"line":154,"column":4},"end":{"line":154,"column":40}},"29":{"start":{"line":158,"column":4},"end":{"line":169,"column":5}},"30":{"start":{"line":186,"column":15},"end":{"line":186,"column":55}},"31":{"start":{"line":187,"column":14},"end":{"line":187,"column":65}},"32":{"start":{"line":188,"column":18},"end":{"line":192,"column":5}},"33":{"start":{"line":194,"column":4},"end":{"line":213,"column":8}},"34":{"start":{"line":196,"column":8},"end":{"line":200,"column":9}},"35":{"start":{"line":197,"column":10},"end":{"line":197,"column":73}},"36":{"start":{"line":199,"column":10},"end":{"line":199,"column":66}},"37":{"start":{"line":204,"column":8},"end":{"line":212,"column":9}},"38":{"start":{"line":205,"column":10},"end":{"line":209,"column":11}},"39":{"start":{"line":206,"column":12},"end":{"line":206,"column":75}},"40":{"start":{"line":208,"column":12},"end":{"line":208,"column":68}},"41":{"start":{"line":211,"column":10},"end":{"line":211,"column":19}},"42":{"start":{"line":222,"column":4},"end":{"line":222,"column":69}},"43":{"start":{"line":229,"column":4},"end":{"line":233,"column":6}},"44":{"start":{"line":230,"column":8},"end":{"line":232,"column":10}},"45":{"start":{"line":231,"column":8},"end":{"line":231,"column":41}},"46":{"start":{"line":251,"column":4},"end":{"line":257,"column":6}},"47":{"start":{"line":252,"column":6},"end":{"line":256,"column":7}},"48":{"start":{"line":253,"column":8},"end":{"line":253,"column":116}},"49":{"start":{"line":255,"column":8},"end":{"line":255,"column":66}},"50":{"start":{"line":265,"column":28},"end":{"line":287,"column":1}},"51":{"start":{"line":269,"column":25},"end":{"line":269,"column":46}},"52":{"start":{"line":271,"column":4},"end":{"line":285,"column":10}},"53":{"start":{"line":273,"column":22},"end":{"line":273,"column":39}},"54":{"start":{"line":274,"column":8},"end":{"line":283,"column":9}},"55":{"start":{"line":294,"column":37},"end":{"line":314,"column":1}},"56":{"start":{"line":299,"column":22},"end":{"line":299,"column":42}},"57":{"start":{"line":300,"column":4},"end":{"line":312,"column":17}},"58":{"start":{"line":302,"column":25},"end":{"line":302,"column":39}},"59":{"start":{"line":304,"column":8},"end":{"line":309,"column":71}},"60":{"start":{"line":323,"column":40},"end":{"line":335,"column":1}},"61":{"start":{"line":326,"column":4},"end":{"line":333,"column":5}},"62":{"start":{"line":341,"column":4},"end":{"line":344,"column":1}},"63":{"start":{"line":350,"column":34},"end":{"line":355,"column":1}},"64":{"start":{"line":351,"column":4},"end":{"line":354,"column":5}},"65":{"start":{"line":368,"column":30},"end":{"line":378,"column":1}},"66":{"start":{"line":370,"column":4},"end":{"line":376,"column":29}},"67":{"start":{"line":384,"column":29},"end":{"line":390,"column":1}},"68":{"start":{"line":386,"column":21},"end":{"line":386,"column":47}},"69":{"start":{"line":387,"column":4},"end":{"line":387,"column":32}},"70":{"start":{"line":388,"column":4},"end":{"line":388,"column":20}},"71":{"start":{"line":394,"column":48},"end":{"line":398,"column":1}},"72":{"start":{"line":396,"column":4},"end":{"line":396,"column":25}},"73":{"start":{"line":400,"column":41},"end":{"line":408,"column":1}},"74":{"start":{"line":402,"column":22},"end":{"line":402,"column":42}},"75":{"start":{"line":403,"column":19},"end":{"line":403,"column":40}},"76":{"start":{"line":404,"column":4},"end":{"line":406,"column":7}},"77":{"start":{"line":405,"column":8},"end":{"line":405,"column":80}},"78":{"start":{"line":413,"column":38},"end":{"line":418,"column":1}},"79":{"start":{"line":415,"column":4},"end":{"line":415,"column":38}},"80":{"start":{"line":416,"column":4},"end":{"line":416,"column":50}}},"fnMap":{"0":{"name":"readFile","decl":{"start":{"line":60,"column":16},"end":{"line":60,"column":24}},"loc":{"start":{"line":60,"column":62},"end":{"line":66,"column":1}},"line":60},"1":{"name":"(anonymous_1)","decl":{"start":{"line":61,"column":23},"end":{"line":61,"column":24}},"loc":{"start":{"line":61,"column":50},"end":{"line":65,"column":5}},"line":61},"2":{"name":"(anonymous_2)","decl":{"start":{"line":62,"column":38},"end":{"line":62,"column":39}},"loc":{"start":{"line":62,"column":53},"end":{"line":64,"column":9}},"line":62},"3":{"name":"getConfigFile","decl":{"start":{"line":72,"column":16},"end":{"line":72,"column":29}},"loc":{"start":{"line":72,"column":41},"end":{"line":74,"column":1}},"line":72},"4":{"name":"fileNotFound","decl":{"start":{"line":80,"column":16},"end":{"line":80,"column":28}},"loc":{"start":{"line":80,"column":40},"end":{"line":82,"column":1}},"line":80},"5":{"name":"loadEndpoints","decl":{"start":{"line":89,"column":16},"end":{"line":89,"column":29}},"loc":{"start":{"line":89,"column":56},"end":{"line":100,"column":1}},"line":89},"6":{"name":"(anonymous_6)","decl":{"start":{"line":91,"column":14},"end":{"line":91,"column":15}},"loc":{"start":{"line":91,"column":36},"end":{"line":93,"column":9}},"line":91},"7":{"name":"(anonymous_7)","decl":{"start":{"line":94,"column":15},"end":{"line":94,"column":16}},"loc":{"start":{"line":94,"column":30},"end":{"line":99,"column":9}},"line":94},"8":{"name":"endpointExists","decl":{"start":{"line":110,"column":9},"end":{"line":110,"column":23}},"loc":{"start":{"line":110,"column":74},"end":{"line":112,"column":1}},"line":110},"9":{"name":"addEndpoint","decl":{"start":{"line":122,"column":9},"end":{"line":122,"column":20}},"loc":{"start":{"line":127,"column":2},"end":{"line":133,"column":3}},"line":127},"10":{"name":"deleteEndpoint","decl":{"start":{"line":141,"column":9},"end":{"line":141,"column":23}},"loc":{"start":{"line":141,"column":66},"end":{"line":151,"column":3}},"line":141},"11":{"name":"shouldSetAsDefaultEndpoint","decl":{"start":{"line":153,"column":11},"end":{"line":153,"column":37}},"loc":{"start":{"line":153,"column":61},"end":{"line":155,"column":3}},"line":153},"12":{"name":"buildEndpointObject","decl":{"start":{"line":157,"column":11},"end":{"line":157,"column":30}},"loc":{"start":{"line":157,"column":99},"end":{"line":170,"column":3}},"line":157},"13":{"name":"saveEndpoint","decl":{"start":{"line":180,"column":10},"end":{"line":180,"column":22}},"loc":{"start":{"line":185,"column":28},"end":{"line":214,"column":3}},"line":185},"14":{"name":"(anonymous_14)","decl":{"start":{"line":195,"column":12},"end":{"line":195,"column":13}},"loc":{"start":{"line":195,"column":27},"end":{"line":201,"column":7}},"line":195},"15":{"name":"(anonymous_15)","decl":{"start":{"line":202,"column":13},"end":{"line":202,"column":14}},"loc":{"start":{"line":202,"column":28},"end":{"line":213,"column":7}},"line":202},"16":{"name":"saveConfig","decl":{"start":{"line":221,"column":10},"end":{"line":221,"column":20}},"loc":{"start":{"line":221,"column":44},"end":{"line":223,"column":3}},"line":221},"17":{"name":"writeFile","decl":{"start":{"line":228,"column":9},"end":{"line":228,"column":18}},"loc":{"start":{"line":228,"column":68},"end":{"line":234,"column":1}},"line":228},"18":{"name":"(anonymous_18)","decl":{"start":{"line":229,"column":23},"end":{"line":229,"column":24}},"loc":{"start":{"line":229,"column":50},"end":{"line":233,"column":5}},"line":229},"19":{"name":"(anonymous_19)","decl":{"start":{"line":230,"column":53},"end":{"line":230,"column":54}},"loc":{"start":{"line":230,"column":62},"end":{"line":232,"column":9}},"line":230},"20":{"name":"saveEndpointOrError","decl":{"start":{"line":245,"column":17},"end":{"line":245,"column":36}},"loc":{"start":{"line":250,"column":28},"end":{"line":258,"column":3}},"line":250},"21":{"name":"(anonymous_21)","decl":{"start":{"line":251,"column":32},"end":{"line":251,"column":33}},"loc":{"start":{"line":251,"column":53},"end":{"line":257,"column":5}},"line":251},"22":{"name":"(anonymous_22)","decl":{"start":{"line":265,"column":28},"end":{"line":265,"column":29}},"loc":{"start":{"line":267,"column":4},"end":{"line":287,"column":1}},"line":267},"23":{"name":"(anonymous_23)","decl":{"start":{"line":271,"column":44},"end":{"line":271,"column":45}},"loc":{"start":{"line":271,"column":56},"end":{"line":285,"column":5}},"line":271},"24":{"name":"(anonymous_24)","decl":{"start":{"line":294,"column":37},"end":{"line":294,"column":38}},"loc":{"start":{"line":297,"column":42},"end":{"line":314,"column":1}},"line":297},"25":{"name":"(anonymous_25)","decl":{"start":{"line":300,"column":67},"end":{"line":300,"column":68}},"loc":{"start":{"line":300,"column":90},"end":{"line":312,"column":5}},"line":300},"26":{"name":"(anonymous_26)","decl":{"start":{"line":323,"column":40},"end":{"line":323,"column":41}},"loc":{"start":{"line":323,"column":108},"end":{"line":335,"column":1}},"line":323},"27":{"name":"(anonymous_27)","decl":{"start":{"line":350,"column":34},"end":{"line":350,"column":35}},"loc":{"start":{"line":350,"column":63},"end":{"line":355,"column":1}},"line":350},"28":{"name":"(anonymous_28)","decl":{"start":{"line":368,"column":30},"end":{"line":368,"column":31}},"loc":{"start":{"line":368,"column":92},"end":{"line":378,"column":1}},"line":368},"29":{"name":"(anonymous_29)","decl":{"start":{"line":384,"column":29},"end":{"line":384,"column":30}},"loc":{"start":{"line":384,"column":65},"end":{"line":390,"column":1}},"line":384},"30":{"name":"(anonymous_30)","decl":{"start":{"line":394,"column":48},"end":{"line":394,"column":49}},"loc":{"start":{"line":394,"column":58},"end":{"line":398,"column":1}},"line":394},"31":{"name":"(anonymous_31)","decl":{"start":{"line":400,"column":41},"end":{"line":400,"column":42}},"loc":{"start":{"line":400,"column":51},"end":{"line":408,"column":1}},"line":400},"32":{"name":"(anonymous_32)","decl":{"start":{"line":404,"column":63},"end":{"line":404,"column":64}},"loc":{"start":{"line":404,"column":84},"end":{"line":406,"column":5}},"line":404},"33":{"name":"(anonymous_33)","decl":{"start":{"line":413,"column":38},"end":{"line":413,"column":39}},"loc":{"start":{"line":413,"column":63},"end":{"line":418,"column":1}},"line":413}},"branchMap":{"0":{"loc":{"start":{"line":63,"column":12},"end":{"line":63,"column":45}},"type":"cond-expr","locations":[{"start":{"line":63,"column":18},"end":{"line":63,"column":29}},{"start":{"line":63,"column":32},"end":{"line":63,"column":45}}],"line":63},"1":{"loc":{"start":{"line":81,"column":11},"end":{"line":81,"column":58}},"type":"binary-expr","locations":[{"start":{"line":81,"column":11},"end":{"line":81,"column":32}},{"start":{"line":81,"column":36},"end":{"line":81,"column":58}}],"line":81},"2":{"loc":{"start":{"line":95,"column":8},"end":{"line":97,"column":9}},"type":"if","locations":[{"start":{"line":95,"column":8},"end":{"line":97,"column":9}},{"start":{"line":95,"column":8},"end":{"line":97,"column":9}}],"line":95},"3":{"loc":{"start":{"line":128,"column":4},"end":{"line":130,"column":5}},"type":"if","locations":[{"start":{"line":128,"column":4},"end":{"line":130,"column":5}},{"start":{"line":128,"column":4},"end":{"line":130,"column":5}}],"line":128},"4":{"loc":{"start":{"line":142,"column":4},"end":{"line":148,"column":5}},"type":"if","locations":[{"start":{"line":142,"column":4},"end":{"line":148,"column":5}},{"start":{"line":142,"column":4},"end":{"line":148,"column":5}}],"line":142},"5":{"loc":{"start":{"line":159,"column":10},"end":{"line":159,"column":60}},"type":"binary-expr","locations":[{"start":{"line":159,"column":10},"end":{"line":159,"column":27}},{"start":{"line":159,"column":31},"end":{"line":159,"column":60}}],"line":159},"6":{"loc":{"start":{"line":160,"column":10},"end":{"line":160,"column":50}},"type":"binary-expr","locations":[{"start":{"line":160,"column":10},"end":{"line":160,"column":23}},{"start":{"line":160,"column":27},"end":{"line":160,"column":50}}],"line":160},"7":{"loc":{"start":{"line":161,"column":10},"end":{"line":161,"column":93}},"type":"binary-expr","locations":[{"start":{"line":161,"column":10},"end":{"line":161,"column":27}},{"start":{"line":161,"column":31},"end":{"line":161,"column":93}}],"line":161},"8":{"loc":{"start":{"line":162,"column":10},"end":{"line":162,"column":30}},"type":"binary-expr","locations":[{"start":{"line":162,"column":10},"end":{"line":162,"column":16}},{"start":{"line":162,"column":20},"end":{"line":162,"column":30}}],"line":162},"9":{"loc":{"start":{"line":163,"column":10},"end":{"line":166,"column":9}},"type":"binary-expr","locations":[{"start":{"line":163,"column":10},"end":{"line":163,"column":26}},{"start":{"line":164,"column":8},"end":{"line":164,"column":33}},{"start":{"line":164,"column":37},"end":{"line":166,"column":9}}],"line":163},"10":{"loc":{"start":{"line":167,"column":10},"end":{"line":168,"column":71}},"type":"binary-expr","locations":[{"start":{"line":167,"column":10},"end":{"line":167,"column":26}},{"start":{"line":168,"column":8},"end":{"line":168,"column":29}},{"start":{"line":168,"column":33},"end":{"line":168,"column":71}}],"line":167},"11":{"loc":{"start":{"line":186,"column":15},"end":{"line":186,"column":55}},"type":"cond-expr","locations":[{"start":{"line":186,"column":31},"end":{"line":186,"column":50}},{"start":{"line":186,"column":53},"end":{"line":186,"column":55}}],"line":186},"12":{"loc":{"start":{"line":196,"column":8},"end":{"line":200,"column":9}},"type":"if","locations":[{"start":{"line":196,"column":8},"end":{"line":200,"column":9}},{"start":{"line":196,"column":8},"end":{"line":200,"column":9}}],"line":196},"13":{"loc":{"start":{"line":204,"column":8},"end":{"line":212,"column":9}},"type":"if","locations":[{"start":{"line":204,"column":8},"end":{"line":212,"column":9}},{"start":{"line":204,"column":8},"end":{"line":212,"column":9}}],"line":204},"14":{"loc":{"start":{"line":205,"column":10},"end":{"line":209,"column":11}},"type":"if","locations":[{"start":{"line":205,"column":10},"end":{"line":209,"column":11}},{"start":{"line":205,"column":10},"end":{"line":209,"column":11}}],"line":205},"15":{"loc":{"start":{"line":231,"column":8},"end":{"line":231,"column":41}},"type":"cond-expr","locations":[{"start":{"line":231,"column":14},"end":{"line":231,"column":25}},{"start":{"line":231,"column":28},"end":{"line":231,"column":41}}],"line":231},"16":{"loc":{"start":{"line":249,"column":5},"end":{"line":249,"column":31}},"type":"default-arg","locations":[{"start":{"line":249,"column":27},"end":{"line":249,"column":31}}],"line":249},"17":{"loc":{"start":{"line":252,"column":6},"end":{"line":256,"column":7}},"type":"if","locations":[{"start":{"line":252,"column":6},"end":{"line":256,"column":7}},{"start":{"line":252,"column":6},"end":{"line":256,"column":7}}],"line":252},"18":{"loc":{"start":{"line":253,"column":15},"end":{"line":253,"column":115}},"type":"cond-expr","locations":[{"start":{"line":253,"column":27},"end":{"line":253,"column":78}},{"start":{"line":253,"column":81},"end":{"line":253,"column":115}}],"line":253},"19":{"loc":{"start":{"line":276,"column":15},"end":{"line":282,"column":22}},"type":"cond-expr","locations":[{"start":{"line":277,"column":16},"end":{"line":282,"column":17}},{"start":{"line":282,"column":20},"end":{"line":282,"column":22}}],"line":276},"20":{"loc":{"start":{"line":276,"column":16},"end":{"line":276,"column":67}},"type":"binary-expr","locations":[{"start":{"line":276,"column":16},"end":{"line":276,"column":26}},{"start":{"line":276,"column":30},"end":{"line":276,"column":42}},{"start":{"line":276,"column":46},"end":{"line":276,"column":58}},{"start":{"line":276,"column":62},"end":{"line":276,"column":67}}],"line":276},"21":{"loc":{"start":{"line":304,"column":15},"end":{"line":309,"column":70}},"type":"cond-expr","locations":[{"start":{"line":309,"column":45},"end":{"line":309,"column":53}},{"start":{"line":309,"column":56},"end":{"line":309,"column":70}}],"line":304},"22":{"loc":{"start":{"line":304,"column":15},"end":{"line":309,"column":42}},"type":"binary-expr","locations":[{"start":{"line":304,"column":15},"end":{"line":304,"column":22}},{"start":{"line":305,"column":12},"end":{"line":305,"column":18}},{"start":{"line":306,"column":17},"end":{"line":306,"column":29}},{"start":{"line":306,"column":33},"end":{"line":306,"column":62}},{"start":{"line":307,"column":17},"end":{"line":307,"column":31}},{"start":{"line":307,"column":35},"end":{"line":307,"column":68}},{"start":{"line":309,"column":13},"end":{"line":309,"column":42}}],"line":304},"23":{"loc":{"start":{"line":370,"column":11},"end":{"line":376,"column":29}},"type":"binary-expr","locations":[{"start":{"line":370,"column":11},"end":{"line":370,"column":44}},{"start":{"line":370,"column":48},"end":{"line":376,"column":29}}],"line":370},"24":{"loc":{"start":{"line":416,"column":4},"end":{"line":416,"column":50}},"type":"binary-expr","locations":[{"start":{"line":416,"column":4},"end":{"line":416,"column":7}},{"start":{"line":416,"column":11},"end":{"line":416,"column":50}}],"line":416}},"s":{"0":2,"1":2,"2":2,"3":2,"4":2,"5":2,"6":2,"7":3,"8":3,"9":3,"10":3,"11":0,"12":3,"13":3,"14":0,"15":0,"16":0,"17":0,"18":0,"19":0,"20":0,"21":0,"22":0,"23":0,"24":0,"25":0,"26":0,"27":0,"28":0,"29":0,"30":0,"31":0,"32":0,"33":0,"34":0,"35":0,"36":0,"37":0,"38":0,"39":0,"40":0,"41":0,"42":0,"43":0,"44":0,"45":0,"46":0,"47":0,"48":0,"49":0,"50":2,"51":3,"52":3,"53":6,"54":6,"55":2,"56":2,"57":2,"58":2,"59":2,"60":2,"61":0,"62":2,"63":2,"64":2,"65":2,"66":2,"67":2,"68":2,"69":2,"70":2,"71":2,"72":0,"73":2,"74":0,"75":0,"76":0,"77":0,"78":2,"79":0,"80":0},"f":{"0":3,"1":3,"2":3,"3":3,"4":0,"5":3,"6":3,"7":0,"8":0,"9":0,"10":0,"11":0,"12":0,"13":0,"14":0,"15":0,"16":0,"17":0,"18":0,"19":0,"20":0,"21":0,"22":3,"23":6,"24":2,"25":2,"26":0,"27":2,"28":2,"29":2,"30":0,"31":0,"32":0,"33":0},"b":{"0":[0,3],"1":[0,0],"2":[0,0],"3":[0,0],"4":[0,0],"5":[0,0],"6":[0,0],"7":[0,0],"8":[0,0],"9":[0,0,0],"10":[0,0,0],"11":[0,0],"12":[0,0],"13":[0,0],"14":[0,0],"15":[0,0],"16":[0],"17":[0,0],"18":[0,0],"19":[3,3],"20":[6,3,3,3],"21":[2,0],"22":[2,0,0,0,0,0,0],"23":[2,0],"24":[0,0]},"_coverageSchema":"1a1c01bbd47fc00a2c39e90264f33305004495a9","hash":"6a9d908af7e22c3623267c1fd45ee522acd7e21e"}
,"/Users/lmonninger/Desktop/dev/cogint/packages/Test/fauna-dev-tests/src/FaunaDevTests/FaunaShellWrapper/launchFauna.ts": {"path":"/Users/lmonninger/Desktop/dev/cogint/packages/Test/fauna-dev-tests/src/FaunaDevTests/FaunaShellWrapper/launchFauna.ts","statementMap":{"0":{"start":{"line":7,"column":32},"end":{"line":7,"column":54}},"1":{"start":{"line":8,"column":27},"end":{"line":8,"column":42}},"2":{"start":{"line":9,"column":25},"end":{"line":9,"column":34}},"3":{"start":{"line":10,"column":26},"end":{"line":10,"column":45}},"4":{"start":{"line":11,"column":35},"end":{"line":11,"column":50}},"5":{"start":{"line":12,"column":27},"end":{"line":12,"column":31}},"6":{"start":{"line":18,"column":26},"end":{"line":18,"column":40}},"7":{"start":{"line":22,"column":0},"end":{"line":26,"column":2}},"8":{"start":{"line":24,"column":4},"end":{"line":24,"column":89}},"9":{"start":{"line":34,"column":0},"end":{"line":38,"column":1}},"10":{"start":{"line":36,"column":4},"end":{"line":36,"column":11}},"11":{"start":{"line":45,"column":23},"end":{"line":49,"column":1}},"12":{"start":{"line":47,"column":4},"end":{"line":47,"column":51}},"13":{"start":{"line":51,"column":28},"end":{"line":53,"column":1}},"14":{"start":{"line":52,"column":4},"end":{"line":52,"column":60}},"15":{"start":{"line":60,"column":27},"end":{"line":68,"column":1}},"16":{"start":{"line":62,"column":19},"end":{"line":62,"column":44}},"17":{"start":{"line":63,"column":20},"end":{"line":65,"column":6}},"18":{"start":{"line":64,"column":8},"end":{"line":64,"column":82}},"19":{"start":{"line":66,"column":4},"end":{"line":66,"column":30}},"20":{"start":{"line":87,"column":4},"end":{"line":90,"column":1}},"21":{"start":{"line":97,"column":38},"end":{"line":147,"column":1}},"22":{"start":{"line":101,"column":19},"end":{"line":107,"column":6}},"23":{"start":{"line":108,"column":4},"end":{"line":108,"column":28}},"24":{"start":{"line":110,"column":30},"end":{"line":110,"column":35}},"25":{"start":{"line":112,"column":4},"end":{"line":143,"column":6}},"26":{"start":{"line":114,"column":8},"end":{"line":129,"column":10}},"27":{"start":{"line":116,"column":29},"end":{"line":116,"column":52}},"28":{"start":{"line":118,"column":12},"end":{"line":123,"column":13}},"29":{"start":{"line":119,"column":16},"end":{"line":122,"column":19}},"30":{"start":{"line":125,"column":12},"end":{"line":127,"column":13}},"31":{"start":{"line":126,"column":16},"end":{"line":126,"column":43}},"32":{"start":{"line":131,"column":8},"end":{"line":135,"column":10}},"33":{"start":{"line":133,"column":12},"end":{"line":133,"column":21}},"34":{"start":{"line":137,"column":8},"end":{"line":141,"column":10}},"35":{"start":{"line":139,"column":12},"end":{"line":139,"column":21}},"36":{"start":{"line":153,"column":53},"end":{"line":187,"column":1}},"37":{"start":{"line":155,"column":19},"end":{"line":155,"column":31}},"38":{"start":{"line":156,"column":23},"end":{"line":156,"column":52}},"39":{"start":{"line":157,"column":18},"end":{"line":159,"column":6}},"40":{"start":{"line":158,"column":8},"end":{"line":158,"column":85}},"41":{"start":{"line":160,"column":4},"end":{"line":160,"column":23}},"42":{"start":{"line":162,"column":22},"end":{"line":162,"column":81}},"43":{"start":{"line":164,"column":4},"end":{"line":166,"column":5}},"44":{"start":{"line":165,"column":8},"end":{"line":165,"column":25}},"45":{"start":{"line":168,"column":26},"end":{"line":168,"column":34}},"46":{"start":{"line":170,"column":19},"end":{"line":176,"column":6}},"47":{"start":{"line":177,"column":4},"end":{"line":177,"column":28}},"48":{"start":{"line":179,"column":4},"end":{"line":185,"column":5}},"49":{"start":{"line":195,"column":42},"end":{"line":206,"column":1}},"50":{"start":{"line":200,"column":4},"end":{"line":204,"column":18}},"51":{"start":{"line":212,"column":35},"end":{"line":216,"column":1}},"52":{"start":{"line":214,"column":4},"end":{"line":214,"column":52}},"53":{"start":{"line":228,"column":31},"end":{"line":264,"column":1}},"54":{"start":{"line":233,"column":31},"end":{"line":233,"column":72}},"55":{"start":{"line":234,"column":4},"end":{"line":234,"column":53}},"56":{"start":{"line":234,"column":27},"end":{"line":234,"column":53}},"57":{"start":{"line":236,"column":19},"end":{"line":236,"column":31}},"58":{"start":{"line":238,"column":4},"end":{"line":240,"column":5}},"59":{"start":{"line":239,"column":8},"end":{"line":239,"column":39}},"60":{"start":{"line":242,"column":17},"end":{"line":242,"column":45}},"61":{"start":{"line":243,"column":22},"end":{"line":250,"column":6}},"62":{"start":{"line":252,"column":16},"end":{"line":257,"column":6}},"63":{"start":{"line":259,"column":4},"end":{"line":259,"column":28}},"64":{"start":{"line":261,"column":4},"end":{"line":261,"column":15}},"65":{"start":{"line":270,"column":31},"end":{"line":281,"column":1}},"66":{"start":{"line":277,"column":27},"end":{"line":277,"column":57}},"67":{"start":{"line":278,"column":4},"end":{"line":278,"column":40}},"68":{"start":{"line":279,"column":4},"end":{"line":279,"column":26}},"69":{"start":{"line":287,"column":38},"end":{"line":296,"column":1}},"70":{"start":{"line":289,"column":4},"end":{"line":291,"column":7}},"71":{"start":{"line":292,"column":4},"end":{"line":294,"column":7}},"72":{"start":{"line":301,"column":41},"end":{"line":313,"column":1}},"73":{"start":{"line":303,"column":19},"end":{"line":303,"column":31}},"74":{"start":{"line":304,"column":23},"end":{"line":304,"column":52}},"75":{"start":{"line":305,"column":4},"end":{"line":310,"column":7}},"76":{"start":{"line":306,"column":8},"end":{"line":306,"column":52}},"77":{"start":{"line":308,"column":27},"end":{"line":308,"column":66}},"78":{"start":{"line":309,"column":8},"end":{"line":309,"column":49}},"79":{"start":{"line":319,"column":38},"end":{"line":332,"column":1}},"80":{"start":{"line":321,"column":4},"end":{"line":330,"column":7}},"81":{"start":{"line":322,"column":8},"end":{"line":324,"column":9}},"82":{"start":{"line":328,"column":12},"end":{"line":328,"column":31}},"83":{"start":{"line":329,"column":8},"end":{"line":329,"column":35}},"84":{"start":{"line":338,"column":39},"end":{"line":343,"column":1}},"85":{"start":{"line":340,"column":4},"end":{"line":340,"column":35}},"86":{"start":{"line":341,"column":4},"end":{"line":341,"column":39}}},"fnMap":{"0":{"name":"(anonymous_0)","decl":{"start":{"line":22,"column":23},"end":{"line":22,"column":24}},"loc":{"start":{"line":22,"column":32},"end":{"line":26,"column":1}},"line":22},"1":{"name":"(anonymous_1)","decl":{"start":{"line":34,"column":20},"end":{"line":34,"column":21}},"loc":{"start":{"line":34,"column":45},"end":{"line":38,"column":1}},"line":34},"2":{"name":"(anonymous_2)","decl":{"start":{"line":45,"column":23},"end":{"line":45,"column":24}},"loc":{"start":{"line":45,"column":49},"end":{"line":49,"column":1}},"line":45},"3":{"name":"(anonymous_3)","decl":{"start":{"line":51,"column":28},"end":{"line":51,"column":29}},"loc":{"start":{"line":51,"column":54},"end":{"line":53,"column":1}},"line":51},"4":{"name":"(anonymous_4)","decl":{"start":{"line":60,"column":27},"end":{"line":60,"column":28}},"loc":{"start":{"line":60,"column":71},"end":{"line":68,"column":1}},"line":60},"5":{"name":"(anonymous_5)","decl":{"start":{"line":63,"column":34},"end":{"line":63,"column":35}},"loc":{"start":{"line":63,"column":43},"end":{"line":65,"column":5}},"line":63},"6":{"name":"(anonymous_6)","decl":{"start":{"line":97,"column":38},"end":{"line":97,"column":39}},"loc":{"start":{"line":99,"column":31},"end":{"line":147,"column":1}},"line":99},"7":{"name":"(anonymous_7)","decl":{"start":{"line":112,"column":40},"end":{"line":112,"column":41}},"loc":{"start":{"line":112,"column":59},"end":{"line":143,"column":5}},"line":112},"8":{"name":"(anonymous_8)","decl":{"start":{"line":114,"column":26},"end":{"line":114,"column":27}},"loc":{"start":{"line":114,"column":34},"end":{"line":129,"column":9}},"line":114},"9":{"name":"(anonymous_9)","decl":{"start":{"line":131,"column":27},"end":{"line":131,"column":28}},"loc":{"start":{"line":131,"column":31},"end":{"line":135,"column":9}},"line":131},"10":{"name":"(anonymous_10)","decl":{"start":{"line":137,"column":27},"end":{"line":137,"column":28}},"loc":{"start":{"line":137,"column":31},"end":{"line":141,"column":9}},"line":137},"11":{"name":"(anonymous_11)","decl":{"start":{"line":153,"column":53},"end":{"line":153,"column":54}},"loc":{"start":{"line":153,"column":102},"end":{"line":187,"column":1}},"line":153},"12":{"name":"(anonymous_12)","decl":{"start":{"line":157,"column":36},"end":{"line":157,"column":37}},"loc":{"start":{"line":157,"column":49},"end":{"line":159,"column":5}},"line":157},"13":{"name":"(anonymous_13)","decl":{"start":{"line":195,"column":42},"end":{"line":195,"column":43}},"loc":{"start":{"line":198,"column":43},"end":{"line":206,"column":1}},"line":198},"14":{"name":"(anonymous_14)","decl":{"start":{"line":212,"column":35},"end":{"line":212,"column":36}},"loc":{"start":{"line":212,"column":66},"end":{"line":216,"column":1}},"line":212},"15":{"name":"(anonymous_15)","decl":{"start":{"line":228,"column":31},"end":{"line":228,"column":32}},"loc":{"start":{"line":230,"column":30},"end":{"line":264,"column":1}},"line":230},"16":{"name":"(anonymous_16)","decl":{"start":{"line":270,"column":31},"end":{"line":270,"column":32}},"loc":{"start":{"line":275,"column":30},"end":{"line":281,"column":1}},"line":275},"17":{"name":"(anonymous_17)","decl":{"start":{"line":287,"column":38},"end":{"line":287,"column":39}},"loc":{"start":{"line":287,"column":69},"end":{"line":296,"column":1}},"line":287},"18":{"name":"(anonymous_18)","decl":{"start":{"line":301,"column":41},"end":{"line":301,"column":42}},"loc":{"start":{"line":301,"column":51},"end":{"line":313,"column":1}},"line":301},"19":{"name":"(anonymous_19)","decl":{"start":{"line":305,"column":40},"end":{"line":305,"column":41}},"loc":{"start":{"line":305,"column":53},"end":{"line":307,"column":5}},"line":305},"20":{"name":"(anonymous_20)","decl":{"start":{"line":307,"column":11},"end":{"line":307,"column":12}},"loc":{"start":{"line":307,"column":30},"end":{"line":310,"column":5}},"line":307},"21":{"name":"(anonymous_21)","decl":{"start":{"line":319,"column":38},"end":{"line":319,"column":39}},"loc":{"start":{"line":319,"column":48},"end":{"line":332,"column":1}},"line":319},"22":{"name":"(anonymous_22)","decl":{"start":{"line":321,"column":59},"end":{"line":321,"column":60}},"loc":{"start":{"line":321,"column":82},"end":{"line":330,"column":5}},"line":321},"23":{"name":"(anonymous_23)","decl":{"start":{"line":338,"column":39},"end":{"line":338,"column":40}},"loc":{"start":{"line":338,"column":71},"end":{"line":343,"column":1}},"line":338}},"branchMap":{"0":{"loc":{"start":{"line":47,"column":12},"end":{"line":47,"column":46}},"type":"binary-expr","locations":[{"start":{"line":47,"column":12},"end":{"line":47,"column":41}},{"start":{"line":47,"column":45},"end":{"line":47,"column":46}}],"line":47},"1":{"loc":{"start":{"line":52,"column":12},"end":{"line":52,"column":55}},"type":"binary-expr","locations":[{"start":{"line":52,"column":12},"end":{"line":52,"column":50}},{"start":{"line":52,"column":54},"end":{"line":52,"column":55}}],"line":52},"2":{"loc":{"start":{"line":64,"column":15},"end":{"line":64,"column":81}},"type":"cond-expr","locations":[{"start":{"line":64,"column":32},"end":{"line":64,"column":73}},{"start":{"line":64,"column":76},"end":{"line":64,"column":81}}],"line":64},"3":{"loc":{"start":{"line":116,"column":29},"end":{"line":116,"column":52}},"type":"binary-expr","locations":[{"start":{"line":116,"column":29},"end":{"line":116,"column":33}},{"start":{"line":116,"column":37},"end":{"line":116,"column":52}}],"line":116},"4":{"loc":{"start":{"line":118,"column":12},"end":{"line":123,"column":13}},"type":"if","locations":[{"start":{"line":118,"column":12},"end":{"line":123,"column":13}},{"start":{"line":118,"column":12},"end":{"line":123,"column":13}}],"line":118},"5":{"loc":{"start":{"line":118,"column":15},"end":{"line":118,"column":55}},"type":"binary-expr","locations":[{"start":{"line":118,"column":15},"end":{"line":118,"column":32}},{"start":{"line":118,"column":36},"end":{"line":118,"column":55}}],"line":118},"6":{"loc":{"start":{"line":125,"column":12},"end":{"line":127,"column":13}},"type":"if","locations":[{"start":{"line":125,"column":12},"end":{"line":127,"column":13}},{"start":{"line":125,"column":12},"end":{"line":127,"column":13}}],"line":125},"7":{"loc":{"start":{"line":158,"column":15},"end":{"line":158,"column":84}},"type":"binary-expr","locations":[{"start":{"line":158,"column":15},"end":{"line":158,"column":51}},{"start":{"line":158,"column":55},"end":{"line":158,"column":84}}],"line":158},"8":{"loc":{"start":{"line":162,"column":22},"end":{"line":162,"column":81}},"type":"cond-expr","locations":[{"start":{"line":162,"column":37},"end":{"line":162,"column":69}},{"start":{"line":162,"column":72},"end":{"line":162,"column":81}}],"line":162},"9":{"loc":{"start":{"line":164,"column":4},"end":{"line":166,"column":5}},"type":"if","locations":[{"start":{"line":164,"column":4},"end":{"line":166,"column":5}},{"start":{"line":164,"column":4},"end":{"line":166,"column":5}}],"line":164},"10":{"loc":{"start":{"line":200,"column":11},"end":{"line":204,"column":17}},"type":"cond-expr","locations":[{"start":{"line":201,"column":8},"end":{"line":203,"column":34}},{"start":{"line":204,"column":8},"end":{"line":204,"column":17}}],"line":200},"11":{"loc":{"start":{"line":200,"column":11},"end":{"line":200,"column":52}},"type":"binary-expr","locations":[{"start":{"line":200,"column":11},"end":{"line":200,"column":18}},{"start":{"line":200,"column":22},"end":{"line":200,"column":52}}],"line":200},"12":{"loc":{"start":{"line":201,"column":8},"end":{"line":203,"column":34}},"type":"cond-expr","locations":[{"start":{"line":202,"column":8},"end":{"line":202,"column":81}},{"start":{"line":203,"column":10},"end":{"line":203,"column":34}}],"line":201},"13":{"loc":{"start":{"line":202,"column":8},"end":{"line":202,"column":81}},"type":"binary-expr","locations":[{"start":{"line":202,"column":8},"end":{"line":202,"column":32}},{"start":{"line":202,"column":36},"end":{"line":202,"column":81}}],"line":202},"14":{"loc":{"start":{"line":234,"column":4},"end":{"line":234,"column":53}},"type":"if","locations":[{"start":{"line":234,"column":4},"end":{"line":234,"column":53}},{"start":{"line":234,"column":4},"end":{"line":234,"column":53}}],"line":234},"15":{"loc":{"start":{"line":238,"column":4},"end":{"line":240,"column":5}},"type":"if","locations":[{"start":{"line":238,"column":4},"end":{"line":240,"column":5}},{"start":{"line":238,"column":4},"end":{"line":240,"column":5}}],"line":238},"16":{"loc":{"start":{"line":338,"column":46},"end":{"line":338,"column":68}},"type":"default-arg","locations":[{"start":{"line":338,"column":63},"end":{"line":338,"column":68}}],"line":338},"17":{"loc":{"start":{"line":341,"column":4},"end":{"line":341,"column":38}},"type":"binary-expr","locations":[{"start":{"line":341,"column":4},"end":{"line":341,"column":7}},{"start":{"line":341,"column":11},"end":{"line":341,"column":38}}],"line":341}},"s":{"0":2,"1":2,"2":2,"3":2,"4":2,"5":2,"6":2,"7":2,"8":0,"9":2,"10":53,"11":2,"12":53,"13":2,"14":53,"15":2,"16":1,"17":1,"18":5,"19":1,"20":2,"21":2,"22":1,"23":1,"24":1,"25":1,"26":1,"27":53,"28":53,"29":1,"30":53,"31":1,"32":1,"33":0,"34":1,"35":1,"36":2,"37":2,"38":2,"39":2,"40":2,"41":2,"42":2,"43":2,"44":0,"45":2,"46":2,"47":2,"48":2,"49":2,"50":3,"51":2,"52":3,"53":2,"54":3,"55":3,"56":2,"57":1,"58":1,"59":0,"60":1,"61":1,"62":1,"63":1,"64":1,"65":2,"66":3,"67":3,"68":3,"69":2,"70":1,"71":1,"72":2,"73":0,"74":0,"75":0,"76":0,"77":0,"78":0,"79":2,"80":1,"81":1,"82":1,"83":1,"84":2,"85":1,"86":1},"f":{"0":0,"1":53,"2":53,"3":53,"4":1,"5":5,"6":1,"7":1,"8":53,"9":0,"10":1,"11":2,"12":2,"13":3,"14":3,"15":3,"16":3,"17":1,"18":0,"19":0,"20":0,"21":1,"22":1,"23":1},"b":{"0":[53,51],"1":[53,52],"2":[5,0],"3":[53,53],"4":[1,52],"5":[53,2],"6":[1,52],"7":[2,2],"8":[2,0],"9":[0,2],"10":[2,1],"11":[3,2],"12":[2,0],"13":[2,2],"14":[2,1],"15":[0,1],"16":[1],"17":[1,0]},"_coverageSchema":"1a1c01bbd47fc00a2c39e90264f33305004495a9","hash":"460fbae172f6e0252d72e09e72b6c8cc92a102b9"}
}
