TN:
SF:src/FaunaDevTests/FaunaShellWrapper/launchFauna.ts
FN:13,(anonymous_0)
FN:18,(anonymous_1)
FN:24,(anonymous_2)
FN:30,(anonymous_3)
FN:33,(anonymous_4)
FN:55,(anonymous_5)
FN:81,(anonymous_6)
FN:83,(anonymous_7)
FN:99,(anonymous_8)
FN:105,(anonymous_9)
FNF:10
FNH:7
FNDA:0,(anonymous_0)
FNDA:24,(anonymous_1)
FNDA:24,(anonymous_2)
FNDA:1,(anonymous_3)
FNDA:5,(anonymous_4)
FNDA:1,(anonymous_5)
FNDA:1,(anonymous_6)
FNDA:24,(anonymous_7)
FNDA:0,(anonymous_8)
FNDA:0,(anonymous_9)
DA:7,1
DA:8,1
DA:9,1
DA:10,1
DA:12,1
DA:13,1
DA:15,0
DA:18,1
DA:20,24
DA:24,1
DA:26,24
DA:30,1
DA:32,1
DA:33,1
DA:34,5
DA:36,1
DA:55,1
DA:59,1
DA:61,1
DA:62,1
DA:65,1
DA:66,1
DA:72,1
DA:79,1
DA:81,1
DA:83,1
DA:85,24
DA:87,24
DA:88,1
DA:99,1
DA:101,0
DA:105,1
DA:107,0
DA:114,1
DA:116,1
LF:35
LH:32
BRDA:26,0,0,24
BRDA:26,0,1,23
BRDA:61,1,0,1
BRDA:61,1,1,0
BRDA:85,2,0,24
BRDA:85,2,1,24
BRDA:87,3,0,1
BRDA:87,3,1,23
BRF:8
BRH:7
end_of_record
