TN:
SF:src/FaunaDevTests/FaunaShellWrapper/faunaDatabases.ts
FN:40,(anonymous_0)
FN:44,(anonymous_1)
FN:70,(anonymous_2)
FN:84,(anonymous_3)
FN:123,(anonymous_4)
FN:134,(anonymous_5)
FN:157,(anonymous_6)
FN:164,(anonymous_7)
FN:175,(anonymous_8)
FN:177,(anonymous_9)
FN:182,(anonymous_10)
FN:183,(anonymous_11)
FN:189,(anonymous_12)
FN:194,(anonymous_13)
FN:196,(anonymous_14)
FN:201,(anonymous_15)
FN:235,(anonymous_16)
FNF:17
FNH:10
FNDA:4,(anonymous_0)
FNDA:2,(anonymous_1)
FNDA:2,(anonymous_2)
FNDA:2,(anonymous_3)
FNDA:2,(anonymous_4)
FNDA:0,(anonymous_5)
FNDA:0,(anonymous_6)
FNDA:2,(anonymous_7)
FNDA:0,(anonymous_8)
FNDA:0,(anonymous_9)
FNDA:0,(anonymous_10)
FNDA:0,(anonymous_11)
FNDA:0,(anonymous_12)
FNDA:1,(anonymous_13)
FNDA:2,(anonymous_14)
FNDA:1,(anonymous_15)
FNDA:1,(anonymous_16)
DA:7,1
DA:8,1
DA:23,1
DA:40,1
DA:41,4
DA:44,1
DA:46,2
DA:48,2
DA:66,1
DA:70,1
DA:72,2
DA:84,1
DA:86,2
DA:91,2
DA:92,2
DA:94,2
DA:98,2
DA:105,2
DA:107,2
DA:113,2
DA:123,1
DA:125,2
DA:126,2
DA:130,2
DA:134,1
DA:136,0
DA:157,1
DA:159,0
DA:160,0
DA:164,1
DA:166,2
DA:168,2
DA:175,1
DA:176,0
DA:177,0
DA:178,0
DA:182,1
DA:183,0
DA:184,0
DA:189,0
DA:190,0
DA:194,1
DA:196,1
DA:197,2
DA:201,1
DA:203,1
DA:206,1
DA:210,0
DA:214,0
DA:218,0
DA:231,1
DA:235,1
DA:237,1
DA:239,1
DA:241,1
DA:243,1
LF:56
LH:43
BRDA:41,0,0,2
BRDA:41,0,1,2
BRDA:41,1,0,4
BRDA:41,1,1,2
BRDA:56,2,0,0
BRDA:56,2,1,2
BRDA:56,3,0,2
BRDA:56,3,1,2
BRDA:57,4,0,0
BRDA:57,4,1,2
BRDA:57,5,0,2
BRDA:57,5,1,2
BRDA:105,6,0,0
BRDA:105,6,1,2
BRDA:105,7,0,2
BRDA:105,7,1,0
BRDA:201,8,0,0
BRDA:203,9,0,1
BRDA:203,9,1,0
BRDA:203,9,2,0
BRDA:203,9,3,0
BRDA:235,10,0,1
BRDA:237,11,0,1
BRDA:237,11,1,0
BRDA:239,12,0,1
BRDA:239,12,1,0
BRDA:241,13,0,1
BRDA:241,13,1,0
BRF:28
BRH:17
end_of_record
TN:
SF:src/FaunaDevTests/FaunaShellWrapper/faunaEndpoints.ts
FN:60,readFile
FN:61,(anonymous_1)
FN:62,(anonymous_2)
FN:72,getConfigFile
FN:80,fileNotFound
FN:89,loadEndpoints
FN:91,(anonymous_6)
FN:94,(anonymous_7)
FN:110,endpointExists
FN:122,addEndpoint
FN:141,deleteEndpoint
FN:153,shouldSetAsDefaultEndpoint
FN:157,buildEndpointObject
FN:180,saveEndpoint
FN:195,(anonymous_14)
FN:202,(anonymous_15)
FN:221,saveConfig
FN:228,writeFile
FN:229,(anonymous_18)
FN:230,(anonymous_19)
FN:245,saveEndpointOrError
FN:251,(anonymous_21)
FN:265,(anonymous_22)
FN:271,(anonymous_23)
FN:294,(anonymous_24)
FN:300,(anonymous_25)
FN:323,(anonymous_26)
FN:350,(anonymous_27)
FN:368,(anonymous_28)
FN:384,(anonymous_29)
FN:394,(anonymous_30)
FN:400,(anonymous_31)
FN:404,(anonymous_32)
FN:413,(anonymous_33)
FNF:34
FNH:13
FNDA:3,readFile
FNDA:3,(anonymous_1)
FNDA:3,(anonymous_2)
FNDA:3,getConfigFile
FNDA:0,fileNotFound
FNDA:3,loadEndpoints
FNDA:3,(anonymous_6)
FNDA:0,(anonymous_7)
FNDA:0,endpointExists
FNDA:0,addEndpoint
FNDA:0,deleteEndpoint
FNDA:0,shouldSetAsDefaultEndpoint
FNDA:0,buildEndpointObject
FNDA:0,saveEndpoint
FNDA:0,(anonymous_14)
FNDA:0,(anonymous_15)
FNDA:0,saveConfig
FNDA:0,writeFile
FNDA:0,(anonymous_18)
FNDA:0,(anonymous_19)
FNDA:0,saveEndpointOrError
FNDA:0,(anonymous_21)
FNDA:3,(anonymous_22)
FNDA:6,(anonymous_23)
FNDA:2,(anonymous_24)
FNDA:2,(anonymous_25)
FNDA:0,(anonymous_26)
FNDA:2,(anonymous_27)
FNDA:2,(anonymous_28)
FNDA:2,(anonymous_29)
FNDA:0,(anonymous_30)
FNDA:0,(anonymous_31)
FNDA:0,(anonymous_32)
FNDA:0,(anonymous_33)
DA:10,2
DA:11,2
DA:12,2
DA:14,2
DA:16,2
DA:18,2
DA:20,2
DA:61,3
DA:62,3
DA:63,3
DA:73,3
DA:81,0
DA:90,3
DA:92,3
DA:95,0
DA:96,0
DA:98,0
DA:111,0
DA:128,0
DA:129,0
DA:131,0
DA:132,0
DA:142,0
DA:143,0
DA:144,0
DA:147,0
DA:149,0
DA:150,0
DA:154,0
DA:158,0
DA:186,0
DA:187,0
DA:188,0
DA:194,0
DA:196,0
DA:197,0
DA:199,0
DA:204,0
DA:205,0
DA:206,0
DA:208,0
DA:211,0
DA:222,0
DA:229,0
DA:230,0
DA:231,0
DA:251,0
DA:252,0
DA:253,0
DA:255,0
DA:265,2
DA:269,3
DA:271,3
DA:273,6
DA:274,6
DA:294,2
DA:299,2
DA:300,2
DA:302,2
DA:304,2
DA:323,2
DA:326,0
DA:341,2
DA:350,2
DA:351,2
DA:368,2
DA:370,2
DA:384,2
DA:386,2
DA:387,2
DA:388,2
DA:394,2
DA:396,0
DA:400,2
DA:402,0
DA:403,0
DA:404,0
DA:405,0
DA:413,2
DA:415,0
DA:416,0
LF:81
LH:36
BRDA:63,0,0,0
BRDA:63,0,1,3
BRDA:81,1,0,0
BRDA:81,1,1,0
BRDA:95,2,0,0
BRDA:95,2,1,0
BRDA:128,3,0,0
BRDA:128,3,1,0
BRDA:142,4,0,0
BRDA:142,4,1,0
BRDA:159,5,0,0
BRDA:159,5,1,0
BRDA:160,6,0,0
BRDA:160,6,1,0
BRDA:161,7,0,0
BRDA:161,7,1,0
BRDA:162,8,0,0
BRDA:162,8,1,0
BRDA:163,9,0,0
BRDA:163,9,1,0
BRDA:163,9,2,0
BRDA:167,10,0,0
BRDA:167,10,1,0
BRDA:167,10,2,0
BRDA:186,11,0,0
BRDA:186,11,1,0
BRDA:196,12,0,0
BRDA:196,12,1,0
BRDA:204,13,0,0
BRDA:204,13,1,0
BRDA:205,14,0,0
BRDA:205,14,1,0
BRDA:231,15,0,0
BRDA:231,15,1,0
BRDA:249,16,0,0
BRDA:252,17,0,0
BRDA:252,17,1,0
BRDA:253,18,0,0
BRDA:253,18,1,0
BRDA:276,19,0,3
BRDA:276,19,1,3
BRDA:276,20,0,6
BRDA:276,20,1,3
BRDA:276,20,2,3
BRDA:276,20,3,3
BRDA:304,21,0,2
BRDA:304,21,1,0
BRDA:304,22,0,2
BRDA:304,22,1,0
BRDA:304,22,2,0
BRDA:304,22,3,0
BRDA:304,22,4,0
BRDA:304,22,5,0
BRDA:304,22,6,0
BRDA:370,23,0,2
BRDA:370,23,1,0
BRDA:416,24,0,0
BRDA:416,24,1,0
BRF:58
BRH:10
end_of_record
TN:
SF:src/FaunaDevTests/FaunaShellWrapper/launchFauna.ts
FN:22,(anonymous_0)
FN:34,(anonymous_1)
FN:45,(anonymous_2)
FN:51,(anonymous_3)
FN:60,(anonymous_4)
FN:63,(anonymous_5)
FN:97,(anonymous_6)
FN:112,(anonymous_7)
FN:114,(anonymous_8)
FN:131,(anonymous_9)
FN:137,(anonymous_10)
FN:153,(anonymous_11)
FN:157,(anonymous_12)
FN:195,(anonymous_13)
FN:212,(anonymous_14)
FN:228,(anonymous_15)
FN:270,(anonymous_16)
FN:287,(anonymous_17)
FN:301,(anonymous_18)
FN:305,(anonymous_19)
FN:307,(anonymous_20)
FN:319,(anonymous_21)
FN:321,(anonymous_22)
FN:338,(anonymous_23)
FNF:24
FNH:19
FNDA:0,(anonymous_0)
FNDA:53,(anonymous_1)
FNDA:53,(anonymous_2)
FNDA:53,(anonymous_3)
FNDA:1,(anonymous_4)
FNDA:5,(anonymous_5)
FNDA:1,(anonymous_6)
FNDA:1,(anonymous_7)
FNDA:53,(anonymous_8)
FNDA:0,(anonymous_9)
FNDA:1,(anonymous_10)
FNDA:2,(anonymous_11)
FNDA:2,(anonymous_12)
FNDA:3,(anonymous_13)
FNDA:3,(anonymous_14)
FNDA:3,(anonymous_15)
FNDA:3,(anonymous_16)
FNDA:1,(anonymous_17)
FNDA:0,(anonymous_18)
FNDA:0,(anonymous_19)
FNDA:0,(anonymous_20)
FNDA:1,(anonymous_21)
FNDA:1,(anonymous_22)
FNDA:1,(anonymous_23)
DA:7,2
DA:8,2
DA:9,2
DA:10,2
DA:11,2
DA:12,2
DA:18,2
DA:22,2
DA:24,0
DA:34,2
DA:36,53
DA:45,2
DA:47,53
DA:51,2
DA:52,53
DA:60,2
DA:62,1
DA:63,1
DA:64,5
DA:66,1
DA:87,2
DA:97,2
DA:101,1
DA:108,1
DA:110,1
DA:112,1
DA:114,1
DA:116,53
DA:118,53
DA:119,1
DA:125,53
DA:126,1
DA:131,1
DA:133,0
DA:137,1
DA:139,1
DA:153,2
DA:155,2
DA:156,2
DA:157,2
DA:158,2
DA:160,2
DA:162,2
DA:164,2
DA:165,0
DA:168,2
DA:170,2
DA:177,2
DA:179,2
DA:195,2
DA:200,3
DA:212,2
DA:214,3
DA:228,2
DA:233,3
DA:234,3
DA:236,1
DA:238,1
DA:239,0
DA:242,1
DA:243,1
DA:252,1
DA:259,1
DA:261,1
DA:270,2
DA:277,3
DA:278,3
DA:279,3
DA:287,2
DA:289,1
DA:292,1
DA:301,2
DA:303,0
DA:304,0
DA:305,0
DA:306,0
DA:308,0
DA:309,0
DA:319,2
DA:321,1
DA:322,1
DA:328,1
DA:329,1
DA:338,2
DA:340,1
DA:341,1
LF:86
LH:76
BRDA:47,0,0,53
BRDA:47,0,1,51
BRDA:52,1,0,53
BRDA:52,1,1,52
BRDA:64,2,0,5
BRDA:64,2,1,0
BRDA:116,3,0,53
BRDA:116,3,1,53
BRDA:118,4,0,1
BRDA:118,4,1,52
BRDA:118,5,0,53
BRDA:118,5,1,2
BRDA:125,6,0,1
BRDA:125,6,1,52
BRDA:158,7,0,2
BRDA:158,7,1,2
BRDA:162,8,0,2
BRDA:162,8,1,0
BRDA:164,9,0,0
BRDA:164,9,1,2
BRDA:200,10,0,2
BRDA:200,10,1,1
BRDA:200,11,0,3
BRDA:200,11,1,2
BRDA:201,12,0,2
BRDA:201,12,1,0
BRDA:202,13,0,2
BRDA:202,13,1,2
BRDA:234,14,0,2
BRDA:234,14,1,1
BRDA:238,15,0,0
BRDA:238,15,1,1
BRDA:338,16,0,1
BRDA:341,17,0,1
BRDA:341,17,1,0
BRF:35
BRH:29
end_of_record
